500
/home/satvik/lobule_v/CbmSim/data/outputs/forgetting_bugaloo/walked_weights_full_forgetting_500
D 23-10-27 15:58:38.464321 457764 commandline.cpp:465: Turning PFPC plasticity on to default mode 'graded'...
D 23-10-27 15:58:38.464401 457764 commandline.cpp:480: Turning MFNC plasticity off...
D 23-10-27 15:58:38.464410 457764 commandline.cpp:483: Visual mode not specified in run mode. Setting to default value of 'TUI'...
D 23-10-27 15:58:38.464422 457764 control.cpp:114: Initializing session...
D 23-10-27 15:58:38.465716 457764 control.cpp:131: Session initialized.
F 23-10-27 15:58:38.465782 457764 control.cpp:48: Could not create directory '../data/outputs/post_walk_probe_500_0'. Maybe it already exists. Exiting...
D 23-10-27 15:58:38.503426 457765 commandline.cpp:465: Turning PFPC plasticity on to default mode 'graded'...
D 23-10-27 15:58:38.503502 457765 commandline.cpp:480: Turning MFNC plasticity off...
D 23-10-27 15:58:38.503509 457765 commandline.cpp:483: Visual mode not specified in run mode. Setting to default value of 'TUI'...
D 23-10-27 15:58:38.503518 457765 control.cpp:114: Initializing session...
D 23-10-27 15:58:38.504556 457765 control.cpp:131: Session initialized.
F 23-10-27 15:58:38.504614 457765 control.cpp:48: Could not create directory '../data/outputs/post_walk_probe_500_1'. Maybe it already exists. Exiting...
D 23-10-27 15:58:38.541731 457766 commandline.cpp:465: Turning PFPC plasticity on to default mode 'graded'...
D 23-10-27 15:58:38.541808 457766 commandline.cpp:480: Turning MFNC plasticity off...
D 23-10-27 15:58:38.541815 457766 commandline.cpp:483: Visual mode not specified in run mode. Setting to default value of 'TUI'...
D 23-10-27 15:58:38.541824 457766 control.cpp:114: Initializing session...
D 23-10-27 15:58:38.542860 457766 control.cpp:131: Session initialized.
F 23-10-27 15:58:38.542915 457766 control.cpp:48: Could not create directory '../data/outputs/post_walk_probe_500_100'. Maybe it already exists. Exiting...
D 23-10-27 15:58:38.579146 457767 commandline.cpp:465: Turning PFPC plasticity on to default mode 'graded'...
D 23-10-27 15:58:38.579219 457767 commandline.cpp:480: Turning MFNC plasticity off...
D 23-10-27 15:58:38.579226 457767 commandline.cpp:483: Visual mode not specified in run mode. Setting to default value of 'TUI'...
D 23-10-27 15:58:38.579236 457767 control.cpp:114: Initializing session...
D 23-10-27 15:58:38.580266 457767 control.cpp:131: Session initialized.
D 23-10-27 15:58:38.580410 457767 control.cpp:136: Initializing simulation...
D 23-10-27 15:58:38.580501 457767 cbmstate.cpp:41: Initializing cbm state from file...
D 23-10-27 15:58:38.962651 457767 cbmstate.cpp:53: Finished initializing cbm state.
D 23-10-27 15:58:38.974015 457767 cbmsimcore.cpp:296: Calculated (?) number of GPUs: 2
D 23-10-27 15:58:38.974041 457767 cbmsimcore.cpp:298: Initializing cuda streams...
D 23-10-27 15:58:38.974046 457767 cbmsimcore.cpp:83: CUDA max num devices: 4
D 23-10-27 15:58:38.974051 457767 cbmsimcore.cpp:84: no error
D 23-10-27 15:58:38.974055 457767 cbmsimcore.cpp:85: CUDA num devices: 2, starting at GPU 2
D 23-10-27 15:58:39.054453 457767 cbmsimcore.cpp:92: Selecting device 0
D 23-10-27 15:58:39.054492 457767 cbmsimcore.cpp:93: no error
D 23-10-27 15:58:39.054498 457767 cbmsimcore.cpp:95: Resetting device 0
D 23-10-27 15:58:39.054503 457767 cbmsimcore.cpp:96: no error
D 23-10-27 15:58:39.055220 457767 cbmsimcore.cpp:102: Initializing stream 0 for device 0
D 23-10-27 15:58:39.055225 457767 cbmsimcore.cpp:103: no error
D 23-10-27 15:58:39.055232 457767 cbmsimcore.cpp:102: Initializing stream 1 for device 0
D 23-10-27 15:58:39.055236 457767 cbmsimcore.cpp:103: no error
D 23-10-27 15:58:39.055243 457767 cbmsimcore.cpp:102: Initializing stream 2 for device 0
D 23-10-27 15:58:39.055247 457767 cbmsimcore.cpp:103: no error
D 23-10-27 15:58:39.055253 457767 cbmsimcore.cpp:102: Initializing stream 3 for device 0
D 23-10-27 15:58:39.055258 457767 cbmsimcore.cpp:103: no error
D 23-10-27 15:58:39.055264 457767 cbmsimcore.cpp:102: Initializing stream 4 for device 0
D 23-10-27 15:58:39.055268 457767 cbmsimcore.cpp:103: no error
D 23-10-27 15:58:39.055289 457767 cbmsimcore.cpp:102: Initializing stream 5 for device 0
D 23-10-27 15:58:39.055293 457767 cbmsimcore.cpp:103: no error
D 23-10-27 15:58:39.055437 457767 cbmsimcore.cpp:102: Initializing stream 6 for device 0
D 23-10-27 15:58:39.055446 457767 cbmsimcore.cpp:103: no error
D 23-10-27 15:58:39.055452 457767 cbmsimcore.cpp:102: Initializing stream 7 for device 0
D 23-10-27 15:58:39.055457 457767 cbmsimcore.cpp:103: no error
D 23-10-27 15:58:39.055464 457767 cbmsimcore.cpp:107: Cuda device 0
D 23-10-27 15:58:39.055468 457767 cbmsimcore.cpp:108: no error
D 23-10-27 15:58:39.129506 457767 cbmsimcore.cpp:92: Selecting device 1
D 23-10-27 15:58:39.129545 457767 cbmsimcore.cpp:93: no error
D 23-10-27 15:58:39.129551 457767 cbmsimcore.cpp:95: Resetting device 1
D 23-10-27 15:58:39.129555 457767 cbmsimcore.cpp:96: no error
D 23-10-27 15:58:39.129829 457767 cbmsimcore.cpp:102: Initializing stream 0 for device 1
D 23-10-27 15:58:39.129833 457767 cbmsimcore.cpp:103: no error
D 23-10-27 15:58:39.129840 457767 cbmsimcore.cpp:102: Initializing stream 1 for device 1
D 23-10-27 15:58:39.129845 457767 cbmsimcore.cpp:103: no error
D 23-10-27 15:58:39.129851 457767 cbmsimcore.cpp:102: Initializing stream 2 for device 1
D 23-10-27 15:58:39.129856 457767 cbmsimcore.cpp:103: no error
D 23-10-27 15:58:39.129862 457767 cbmsimcore.cpp:102: Initializing stream 3 for device 1
D 23-10-27 15:58:39.129867 457767 cbmsimcore.cpp:103: no error
D 23-10-27 15:58:39.129876 457767 cbmsimcore.cpp:102: Initializing stream 4 for device 1
D 23-10-27 15:58:39.129880 457767 cbmsimcore.cpp:103: no error
D 23-10-27 15:58:39.129887 457767 cbmsimcore.cpp:102: Initializing stream 5 for device 1
D 23-10-27 15:58:39.129891 457767 cbmsimcore.cpp:103: no error
D 23-10-27 15:58:39.130030 457767 cbmsimcore.cpp:102: Initializing stream 6 for device 1
D 23-10-27 15:58:39.130038 457767 cbmsimcore.cpp:103: no error
D 23-10-27 15:58:39.130044 457767 cbmsimcore.cpp:102: Initializing stream 7 for device 1
D 23-10-27 15:58:39.130049 457767 cbmsimcore.cpp:103: no error
D 23-10-27 15:58:39.130056 457767 cbmsimcore.cpp:107: Cuda device 1
D 23-10-27 15:58:39.130060 457767 cbmsimcore.cpp:108: no error
D 23-10-27 15:58:39.130065 457767 cbmsimcore.cpp:300: Finished initialzing cuda streams.
D 23-10-27 15:58:39.130104 457767 innet.cpp:789: Maximum number of CUDA devices: 4
D 23-10-27 15:58:39.130110 457767 innet.cpp:790: no error
D 23-10-27 15:58:39.130114 457767 innet.cpp:791: Number of CUDA devices actually used: 2
D 23-10-27 15:58:39.130118 457767 innet.cpp:792: Lowest CUDA device index: 2
D 23-10-27 15:58:39.130122 457767 innet.cpp:816: Initializing per-cell cuda vars...
D 23-10-27 15:58:39.130127 457767 innet.cpp:837: Allocating MF cuda variables...
D 23-10-27 15:58:39.132399 457767 innet.cpp:847: Finished MF variable cuda allocation
D 23-10-27 15:58:39.132413 457767 innet.cpp:848: Last error: no error
D 23-10-27 15:58:39.132418 457767 innet.cpp:851: Initializing MF cuda variables...
D 23-10-27 15:58:39.134375 457767 innet.cpp:862: Finished initializing MF cuda variables.
D 23-10-27 15:58:39.134383 457767 innet.cpp:819: Initialized MF CUDA
D 23-10-27 15:58:39.134387 457767 innet.cpp:820: Last error: no error
D 23-10-27 15:58:39.134686 457767 innet.cpp:915: Allocating GR cuda variables...
D 23-10-27 15:58:39.141176 457767 innet.cpp:971: Finished GR variable cuda allocation
D 23-10-27 15:58:39.141186 457767 innet.cpp:972: Last error: no error
D 23-10-27 15:58:39.141190 457767 innet.cpp:974: Initializing transposed copies of act state and con state vars...
D 23-10-27 15:58:40.154397 457767 innet.cpp:1004: Finished transposition of act state and con state vars.
D 23-10-27 15:58:40.154453 457767 innet.cpp:1007: Initializing GR cuda variables...
D 23-10-27 15:58:40.325942 457767 innet.cpp:1088: Finished initializing GR cuda variables.
D 23-10-27 15:58:40.325995 457767 innet.cpp:822: Initialized GR CUDA
D 23-10-27 15:58:40.326002 457767 innet.cpp:823: Last error: no error
D 23-10-27 15:58:40.326013 457767 innet.cpp:1105: Allocating GO cuda variables...
D 23-10-27 15:58:40.326817 457767 innet.cpp:1129: Finished GO variable cuda allocation
D 23-10-27 15:58:40.326827 457767 innet.cpp:1130: Last error: no error
D 23-10-27 15:58:40.326831 457767 innet.cpp:1133: Initializing GO cuda variables...
D 23-10-27 15:58:40.335746 457767 innet.cpp:1155: Finished initializing GO cuda variables.
D 23-10-27 15:58:40.335754 457767 innet.cpp:825: Initialized GO CUDA
D 23-10-27 15:58:40.335759 457767 innet.cpp:826: Last error: no error
D 23-10-27 15:58:40.335763 457767 innet.cpp:827: Finished initializing per-cell cuda variables.
D 23-10-27 15:58:40.335797 457767 mzone.cpp:53: Initializing CUDA...
D 23-10-27 15:58:40.340668 457767 mzone.cpp:240: Allocating BC cuda variables...
D 23-10-27 15:58:40.341165 457767 mzone.cpp:256: Finished BC variable cuda allocation
D 23-10-27 15:58:40.341175 457767 mzone.cpp:257: Last error: no error
D 23-10-27 15:58:40.341180 457767 mzone.cpp:260: Initializing BC cuda variables...
D 23-10-27 15:58:40.342222 457767 mzone.cpp:273: Finished initializing BC cuda variables...
D 23-10-27 15:58:40.342228 457767 mzone.cpp:221: Initialized BC CUDA
D 23-10-27 15:58:40.342232 457767 mzone.cpp:222: Last error: no error
D 23-10-27 15:58:40.342237 457767 mzone.cpp:283: Allocating SC cuda variables...
D 23-10-27 15:58:40.342941 457767 mzone.cpp:299: Finished SC variable cuda allocation
D 23-10-27 15:58:40.342950 457767 mzone.cpp:300: Last error: no error
D 23-10-27 15:58:40.342954 457767 mzone.cpp:303: Initializing SC cuda variables...
D 23-10-27 15:58:40.345211 457767 mzone.cpp:316: Finished initializing SC cuda variables...
D 23-10-27 15:58:40.345218 457767 mzone.cpp:225: Initialized SC CUDA
D 23-10-27 15:58:40.345222 457767 mzone.cpp:226: Last error: no error
D 23-10-27 15:58:40.351270 457767 mzone.cpp:1010: Allocating memory for gpu 0
D 23-10-27 15:58:40.351289 457767 mzone.cpp:1011: Last error: no error
D 23-10-27 15:58:40.351663 457767 mzone.cpp:1010: Allocating memory for gpu 1
D 23-10-27 15:58:40.351672 457767 mzone.cpp:1011: Last error: no error
D 23-10-27 15:58:40.514663 457767 mzone.cpp:1041: Copying memory for gpu 0
D 23-10-27 15:58:40.514702 457767 mzone.cpp:1042: Last error: no error
D 23-10-27 15:58:40.638915 457767 mzone.cpp:1041: Copying memory for gpu 1
D 23-10-27 15:58:40.638951 457767 mzone.cpp:1042: Last error: no error
D 23-10-27 15:58:40.642453 457767 mzone.cpp:1091: Calling sum kernels for gpu 0
D 23-10-27 15:58:40.642467 457767 mzone.cpp:1092: Last error: no error
D 23-10-27 15:58:40.642944 457767 mzone.cpp:1091: Calling sum kernels for gpu 1
D 23-10-27 15:58:40.642952 457767 mzone.cpp:1092: Last error: no error
D 23-10-27 15:58:40.643034 457767 mzone.cpp:1109: NumPC per GPU: 16
D 23-10-27 15:58:40.643040 457767 mzone.cpp:1110: NumBC per GPU: 64
D 23-10-27 15:58:40.643044 457767 mzone.cpp:1111: NumSC per GPU: 256
D 23-10-27 15:58:40.643954 457767 mzone.cpp:229: Finished Test.
D 23-10-27 15:58:40.643962 457767 cbmsimcore.cpp:315: Mzone construction complete
D 23-10-27 15:58:40.643966 457767 cbmsimcore.cpp:317: AuxVars good
D 23-10-27 15:58:40.646061 457767 control.cpp:157: Simulation initialized.
I 23-10-27 15:58:40.648074 457767 control.cpp:708: Trial number: 1
I 23-10-27 15:58:47.137694 457767 control.cpp:775: 'probe_trial' took 6.49s
I 23-10-27 15:58:47.137732 457767 control.cpp:708: Trial number: 2
